<?xml version="1.0" encoding="UTF-8"?>
<!-- Generated by org.testng.reporters.JUnitXMLReporter -->
<testsuite ignored="3" hostname="DESKTOP-7GFC154" failures="1" tests="2" name="ChromeTest" time="5.674" errors="0" timestamp="2024-09-02T07:35:53 IST">
  <testcase classname="testscript.LoginPageTestCase" name="verifyEnterValidUsernameandPasswordField" time="0.783"/>
  <testcase classname="testscript.LoginPageTestCase" name="verifyEnterValidUsernameandPasswordField" time="0.036">
    <failure type="java.lang.IllegalArgumentException" message="Keys to send should be a not null CharSequence">
      <![CDATA[java.lang.IllegalArgumentException: Keys to send should be a not null CharSequence
at org.openqa.selenium.remote.RemoteWebElement.sendKeys(RemoteWebElement.java:96)
at org.openqa.selenium.support.pagefactory.internal.LocatingElementHandler.invoke(LocatingElementHandler.java:51)
at jdk.proxy2/jdk.proxy2.$Proxy16.sendKeys(Unknown Source)
at pages.LoginClass.enterusername(LoginClass.java:32)
at testscript.LoginPageTestCase.verifyEnterValidUsernameandPasswordField(LoginPageTestCase.java:40)
at java.base/java.util.ArrayList.forEach(ArrayList.java:1511)
... Removed 31 stack frames]]>
    </failure>
  </testcase> <!-- verifyEnterValidUsernameandPasswordField -->
  <testcase classname="testscript.LoginPageTestCase" name="verifyInvalidUsernameValidpassword" time="0.0">
    <ignored/>
  </testcase> <!-- verifyInvalidUsernameValidpassword -->
  <testcase classname="testscript.LoginPageTestCase" name="verifyValidUsernameInvalidPassword" time="0.0">
    <ignored/>
  </testcase> <!-- verifyValidUsernameInvalidPassword -->
  <testcase classname="testscript.LoginPageTestCase" name="verifyInvalidUsernamePassword" time="0.0">
    <ignored/>
  </testcase> <!-- verifyInvalidUsernamePassword -->
</testsuite> <!-- ChromeTest -->
